<?xml version="1.0" encoding="UTF-8"?>
<testsuite xmlns:xsi="http://www.w3.org/2001/XMLSchema-instance" xsi:noNamespaceSchemaLocation="https://maven.apache.org/surefire/maven-surefire-plugin/xsd/surefire-test-report.xsd" version="3.0.2" name="com.salmanmanaa.contentsearchservice.ContentSearchServiceApplicationTests" time="1.086" tests="1" errors="0" skipped="0" failures="0">
  <properties>
[...]
</properties>
  <testcase name="contextLoads" classname="com.salmanmanaa.contentsearchservice.ContentSearchServiceApplicationTests" time="0.287">
    <system-out><![CDATA[00:36:20.339 [main] INFO org.springframework.test.context.support.AnnotationConfigContextLoaderUtils -- Could not detect default configuration classes for test class [com.salmanmanaa.contentsearchservice.ContentSearchServiceApplicationTests]: ContentSearchServiceApplicationTests does not declare any static, non-private, non-final, nested classes annotated with @Configuration.
00:36:20.371 [main] INFO org.springframework.boot.test.context.SpringBootTestContextBootstrapper -- Found @SpringBootConfiguration com.salmanmanaa.contentsearchservice.ContentSearchServiceApplication for test class com.salmanmanaa.contentsearchservice.ContentSearchServiceApplicationTests

  .   ____          _            __ _ _
 /\\ / ___'_ __ _ _(_)_ __  __ _ \ \ \ \
( ( )\___ | '_ | '_| | '_ \/ _` | \ \ \ \
 \\/  ___)| |_)| | | | | || (_| |  ) ) ) )
  '  |____| .__|_| |_|_| |_\__, | / / / /
 =========|_|==============|___/=/_/_/_/

 :: Spring Boot ::               (v3.5.11)

2026-03-06T00:36:20.482+01:00  INFO 78815 --- [content-search-service] [           main] s.c.ContentSearchServiceApplicationTests : Starting ContentSearchServiceApplicationTests using Java 21.0.9 with PID 78815 (started by salman in /Users/salman/IdeaProjects/content-search-service)
2026-03-06T00:36:20.483+01:00  INFO 78815 --- [content-search-service] [           main] s.c.ContentSearchServiceApplicationTests : No active profile set, falling back to 1 default profile: "default"
2026-03-06T00:36:20.705+01:00  INFO 78815 --- [content-search-service] [           main] .s.d.r.c.RepositoryConfigurationDelegate : Bootstrapping Spring Data Elasticsearch repositories in DEFAULT mode.
2026-03-06T00:36:20.711+01:00  INFO 78815 --- [content-search-service] [           main] .s.d.r.c.RepositoryConfigurationDelegate : Finished Spring Data repository scanning in 3 ms. Found 0 Elasticsearch repository interfaces.
2026-03-06T00:36:21.038+01:00  INFO 78815 --- [content-search-service] [           main] o.s.b.a.e.web.EndpointLinksResolver      : Exposing 1 endpoint beneath base path '/actuator'
2026-03-06T00:36:21.058+01:00  INFO 78815 --- [content-search-service] [           main] s.c.ContentSearchServiceApplicationTests : Started ContentSearchServiceApplicationTests in 0.653 seconds (process running for 0.928)
]]></system-out>
    <system-err><![CDATA[Mockito is currently self-attaching to enable the inline-mock-maker. This will no longer work in future releases of the JDK. Please add Mockito as an agent to your build as described in Mockito's documentation: https://javadoc.io/doc/org.mockito/mockito-core/latest/org.mockito/org/mockito/Mockito.html#0.3
WARNING: A Java agent has been loaded dynamically (/Users/salman/.m2/repository/net/bytebuddy/byte-buddy-agent/1.17.8/byte-buddy-agent-1.17.8.jar)
WARNING: If a serviceability tool is in use, please run with -XX:+EnableDynamicAgentLoading to hide this warning
WARNING: If a serviceability tool is not in use, please run with -Djdk.instrument.traceUsage for more information
WARNING: Dynamic loading of agents will be disallowed by default in a future release
]]></system-err>
  </testcase>
</testsuite>